<?xml version="1.0" encoding="UTF-8"?>
<testng-results skipped="0" failed="0" total="1" passed="1">
  <reporter-output>
  </reporter-output>
  <suite name="Suite" duration-ms="26" started-at="2019-01-09T09:58:45Z" finished-at="2019-01-09T09:58:45Z">
    <groups>
    </groups>
    <test name="Test" duration-ms="26" started-at="2019-01-09T09:58:45Z" finished-at="2019-01-09T09:58:45Z">
      <class name="MavenTest">
        <test-method status="PASS" signature="printText()[pri:0, instance:MavenTest@25618e91]" name="printText" duration-ms="10" started-at="2019-01-09T15:28:45Z" finished-at="2019-01-09T15:28:45Z">
          <reporter-output>
          </reporter-output>
        </test-method> <!-- printText -->
      </class> <!-- MavenTest -->
    </test> <!-- Test -->
  </suite> <!-- Suite -->
</testng-results>
