<?xml version="1.0" encoding="UTF-8"?>
<testng-results skipped="0" failed="0" ignored="0" total="1" passed="1">
  <reporter-output>
  </reporter-output>
  <suite name="Suite" duration-ms="34" started-at="2019-01-09T09:53:57Z" finished-at="2019-01-09T09:53:57Z">
    <groups>
    </groups>
    <test name="Test" duration-ms="34" started-at="2019-01-09T09:53:57Z" finished-at="2019-01-09T09:53:57Z">
      <class name="MavenTest">
        <test-method status="PASS" signature="printText()[pri:0, instance:MavenTest@396a51ab]" name="printText" duration-ms="9" started-at="2019-01-09T09:53:57Z" finished-at="2019-01-09T09:53:57Z">
          <reporter-output>
          </reporter-output>
        </test-method> <!-- printText -->
      </class> <!-- MavenTest -->
    </test> <!-- Test -->
  </suite> <!-- Suite -->
</testng-results>
